<?xml version="1.0" encoding="UTF-8"?>
<testng-results ignored="0" total="0" passed="0" failed="0" skipped="0">
  <reporter-output>
  </reporter-output>
  <suite started-at="2019-06-29T13:35:30Z" name="softwaretestingmaterial" finished-at="2019-06-29T13:35:30Z" duration-ms="8">
    <groups>
    </groups>
    <test started-at="2019-06-29T13:35:30Z" name="testngTest2" finished-at="2019-06-29T13:35:30Z" duration-ms="8">
    </test> <!-- testngTest2 -->
  </suite> <!-- softwaretestingmaterial -->
</testng-results>
